c:\users\colorful\desktop\qtvs_project\noframepromax\x64\debug\vc142.pdb
c:\users\colorful\desktop\qtvs_project\noframepromax\x64\debug\vc142.idb
c:\users\colorful\desktop\qtvs_project\noframepromax\x64\debug\qrc_mainwidget.obj
c:\users\colorful\desktop\qtvs_project\noframepromax\x64\debug\main.obj
c:\users\colorful\desktop\qtvs_project\noframepromax\x64\debug\mainwidget.obj
c:\users\colorful\desktop\qtvs_project\noframepromax\x64\debug\ctitlebar.obj
c:\users\colorful\desktop\qtvs_project\noframepromax\x64\debug\moc_mainwidget.obj
c:\users\colorful\desktop\qtvs_project\noframepro\x64\debug\noframepromax.exe
c:\users\colorful\desktop\qtvs_project\noframepromax\x64\debug\noframepromax.ilk
c:\users\colorful\desktop\qtvs_project\noframepro\x64\debug\noframepromax.pdb
c:\users\colorful\desktop\qtvs_project\noframepromax\x64\debug\moc\moc_mainwidget.cpp
c:\users\colorful\desktop\qtvs_project\noframepromax\x64\debug\rcc\qrc_mainwidget.cpp
c:\users\colorful\desktop\qtvs_project\noframepromax\x64\debug\noframepromax.tlog\cl.command.1.tlog
c:\users\colorful\desktop\qtvs_project\noframepromax\x64\debug\noframepromax.tlog\cl.read.1.tlog
c:\users\colorful\desktop\qtvs_project\noframepromax\x64\debug\noframepromax.tlog\cl.write.1.tlog
c:\users\colorful\desktop\qtvs_project\noframepromax\x64\debug\noframepromax.tlog\link.command.1.tlog
c:\users\colorful\desktop\qtvs_project\noframepromax\x64\debug\noframepromax.tlog\link.read.1.tlog
c:\users\colorful\desktop\qtvs_project\noframepromax\x64\debug\noframepromax.tlog\link.write.1.tlog
c:\users\colorful\desktop\qtvs_project\noframepromax\x64\debug\noframepromax.tlog\moc.read.1u.tlog
c:\users\colorful\desktop\qtvs_project\noframepromax\x64\debug\noframepromax.tlog\moc.write.1u.tlog
c:\users\colorful\desktop\qtvs_project\noframepromax\x64\debug\noframepromax.tlog\noframepromax.write.1u.tlog
c:\users\colorful\desktop\qtvs_project\noframepromax\x64\debug\noframepromax.tlog\rcc.read.1u.tlog
c:\users\colorful\desktop\qtvs_project\noframepromax\x64\debug\noframepromax.tlog\rcc.write.1u.tlog
